2024-11-15 23:15:52,757 - ConfigLoader - INFO - Config file loaded successfully.
2024-11-15 23:15:52,757 - ConfigLoader - INFO - Config file loaded successfully.
2024-11-15 23:16:41,567 - ConfigLoader - INFO - Config file loaded successfully.
2024-11-15 23:16:41,568 - ConfigLoader - INFO - Config file loaded successfully.
2024-11-15 23:25:45,263 - Virtual_Question_AnsweringModel - INFO - Model nlpconnect/vit-gpt2-image-captioning loaded successfully.
2024-11-15 23:35:09,291 - ConfigLoader - INFO - Config file loaded successfully.
2024-11-15 23:35:09,291 - ConfigLoader - INFO - Config file loaded successfully.
2024-11-15 23:35:16,455 - Virtual_Question_AnsweringModel - INFO - Model nlpconnect/vit-gpt2-image-captioning loaded successfully.
2024-11-15 23:38:58,414 - ConfigLoader - INFO - Config file loaded successfully.
2024-11-15 23:38:58,414 - ConfigLoader - INFO - Config file loaded successfully.
2024-11-15 23:39:04,324 - Virtual_Question_AnsweringModel - INFO - Model nlpconnect/vit-gpt2-image-captioning loaded successfully.
2024-11-15 23:42:47,029 - ConfigLoader - INFO - Config file loaded successfully.
2024-11-15 23:42:47,029 - ConfigLoader - INFO - Config file loaded successfully.
2024-11-15 23:42:52,967 - Virtual_Question_AnsweringModel - INFO - Model nlpconnect/vit-gpt2-image-captioning loaded successfully.
2024-11-15 23:43:18,723 - ConfigLoader - INFO - Config file loaded successfully.
2024-11-15 23:43:18,723 - ConfigLoader - INFO - Config file loaded successfully.
2024-11-15 23:43:24,191 - Virtual_Question_AnsweringModel - INFO - Model nlpconnect/vit-gpt2-image-captioning loaded successfully.
2024-11-15 23:43:28,980 - ConfigLoader - INFO - Config file loaded successfully.
2024-11-15 23:43:28,980 - ConfigLoader - INFO - Config file loaded successfully.
2024-11-15 23:43:34,295 - Virtual_Question_AnsweringModel - INFO - Model nlpconnect/vit-gpt2-image-captioning loaded successfully.
2024-11-15 23:43:34,295 - Virtual_Question_AnsweringModel - INFO - Model nlpconnect/vit-gpt2-image-captioning loaded successfully.
2024-11-15 23:43:39,714 - Virtual_Question_AnsweringModel - INFO - Caption Generated Successfully.
2024-11-15 23:43:39,714 - Virtual_Question_AnsweringModel - INFO - Caption Generated Successfully.
2024-11-15 23:43:39,714 - StreamlitAPP - INFO - Caption generated successfully.
2024-11-15 23:44:58,570 - ConfigLoader - INFO - Config file loaded successfully.
2024-11-15 23:44:58,570 - ConfigLoader - INFO - Config file loaded successfully.
2024-11-15 23:45:04,110 - Virtual_Question_AnsweringModel - INFO - Model nlpconnect/vit-gpt2-image-captioning loaded successfully.
2024-11-15 23:45:10,929 - ConfigLoader - INFO - Config file loaded successfully.
2024-11-15 23:45:10,932 - ConfigLoader - INFO - Config file loaded successfully.
2024-11-15 23:45:16,113 - Virtual_Question_AnsweringModel - INFO - Model nlpconnect/vit-gpt2-image-captioning loaded successfully.
2024-11-15 23:45:16,113 - Virtual_Question_AnsweringModel - INFO - Model nlpconnect/vit-gpt2-image-captioning loaded successfully.
2024-11-15 23:45:18,995 - Virtual_Question_AnsweringModel - INFO - Caption Generated Successfully.
2024-11-15 23:45:18,995 - Virtual_Question_AnsweringModel - INFO - Caption Generated Successfully.
2024-11-15 23:45:19,001 - StreamlitAPP - INFO - Caption generated successfully.
2024-11-15 23:46:17,209 - ConfigLoader - INFO - Config file loaded successfully.
2024-11-15 23:46:17,209 - ConfigLoader - INFO - Config file loaded successfully.
2024-11-15 23:46:22,798 - Virtual_Question_AnsweringModel - INFO - Model nlpconnect/vit-gpt2-image-captioning loaded successfully.
2024-11-15 23:46:31,715 - ConfigLoader - INFO - Config file loaded successfully.
2024-11-15 23:46:31,715 - ConfigLoader - INFO - Config file loaded successfully.
2024-11-15 23:46:37,050 - Virtual_Question_AnsweringModel - INFO - Model nlpconnect/vit-gpt2-image-captioning loaded successfully.
2024-11-15 23:46:37,050 - Virtual_Question_AnsweringModel - INFO - Model nlpconnect/vit-gpt2-image-captioning loaded successfully.
2024-11-15 23:46:40,016 - Virtual_Question_AnsweringModel - INFO - Caption Generated Successfully.
2024-11-15 23:46:40,016 - Virtual_Question_AnsweringModel - INFO - Caption Generated Successfully.
2024-11-15 23:46:40,016 - StreamlitAPP - INFO - Caption generated successfully.
2024-11-15 23:48:18,426 - ConfigLoader - INFO - Config file loaded successfully.
2024-11-15 23:48:18,434 - ConfigLoader - INFO - Config file loaded successfully.
2024-11-15 23:48:23,892 - Virtual_Question_AnsweringModel - INFO - Model nlpconnect/vit-gpt2-image-captioning loaded successfully.
2024-11-15 23:48:29,010 - ConfigLoader - INFO - Config file loaded successfully.
2024-11-15 23:48:29,012 - ConfigLoader - INFO - Config file loaded successfully.
2024-11-15 23:48:34,137 - Virtual_Question_AnsweringModel - INFO - Model nlpconnect/vit-gpt2-image-captioning loaded successfully.
2024-11-15 23:48:34,137 - Virtual_Question_AnsweringModel - INFO - Model nlpconnect/vit-gpt2-image-captioning loaded successfully.
2024-11-15 23:48:36,916 - Virtual_Question_AnsweringModel - INFO - Caption Generated Successfully.
2024-11-15 23:48:36,916 - Virtual_Question_AnsweringModel - INFO - Caption Generated Successfully.
2024-11-15 23:48:36,916 - StreamlitAPP - INFO - Caption generated successfully.
2024-11-15 23:50:14,516 - ConfigLoader - INFO - Config file loaded successfully.
2024-11-15 23:50:14,516 - ConfigLoader - INFO - Config file loaded successfully.
2024-11-15 23:50:19,957 - Virtual_Question_AnsweringModel - INFO - Model nlpconnect/vit-gpt2-image-captioning loaded successfully.
2024-11-15 23:50:19,957 - StreamlitAPP - ERROR - Error processing image: 'NoneType' object has no attribute 'read'
2024-11-15 23:51:44,522 - ConfigLoader - INFO - Config file loaded successfully.
2024-11-15 23:51:44,524 - ConfigLoader - INFO - Config file loaded successfully.
2024-11-15 23:51:49,879 - Virtual_Question_AnsweringModel - INFO - Model nlpconnect/vit-gpt2-image-captioning loaded successfully.
2024-11-15 23:54:16,324 - ConfigLoader - INFO - Config file loaded successfully.
2024-11-15 23:54:16,324 - ConfigLoader - INFO - Config file loaded successfully.
2024-11-15 23:54:21,489 - Virtual_Question_AnsweringModel - INFO - Model nlpconnect/vit-gpt2-image-captioning loaded successfully.
2024-11-15 23:54:21,489 - Virtual_Question_AnsweringModel - INFO - Model nlpconnect/vit-gpt2-image-captioning loaded successfully.
2024-11-15 23:54:24,306 - Virtual_Question_AnsweringModel - INFO - Caption Generated Successfully.
2024-11-15 23:54:24,306 - Virtual_Question_AnsweringModel - INFO - Caption Generated Successfully.
2024-11-15 23:54:24,313 - StreamlitAPP - INFO - Caption generated successfully.
2024-11-16 21:25:09,155 - ConfigLoader - INFO - Config file loaded successfully.
2024-11-16 21:25:09,157 - ConfigLoader - INFO - Config file loaded successfully.
2024-11-16 21:25:18,169 - Virtual_Question_AnsweringModel - INFO - Model nlpconnect/vit-gpt2-image-captioning loaded successfully.
2024-11-16 21:25:30,420 - ConfigLoader - INFO - Config file loaded successfully.
2024-11-16 21:25:30,422 - ConfigLoader - INFO - Config file loaded successfully.
2024-11-16 21:25:36,148 - Virtual_Question_AnsweringModel - INFO - Model nlpconnect/vit-gpt2-image-captioning loaded successfully.
2024-11-16 21:25:36,148 - Virtual_Question_AnsweringModel - INFO - Model nlpconnect/vit-gpt2-image-captioning loaded successfully.
2024-11-16 21:25:42,211 - Virtual_Question_AnsweringModel - INFO - Caption Generated Successfully.
2024-11-16 21:25:42,211 - Virtual_Question_AnsweringModel - INFO - Caption Generated Successfully.
2024-11-16 21:25:42,220 - StreamlitAPP - INFO - Caption generated successfully.
2024-11-16 21:37:07,670 - ConfigLoader - INFO - Config file loaded successfully.
2024-11-16 21:37:07,672 - ConfigLoader - INFO - Config file loaded successfully.
2024-11-16 21:37:13,653 - Virtual_Question_AnsweringModel - INFO - Model nlpconnect/vit-gpt2-image-captioning loaded successfully.
2024-11-16 21:37:13,653 - Virtual_Question_AnsweringModel - INFO - Model nlpconnect/vit-gpt2-image-captioning loaded successfully.
2024-11-16 21:37:13,653 - Virtual_Question_AnsweringModel - INFO - Model nlpconnect/vit-gpt2-image-captioning loaded successfully.
2024-11-16 21:37:20,591 - ConfigLoader - INFO - Config file loaded successfully.
2024-11-16 21:37:20,591 - ConfigLoader - INFO - Config file loaded successfully.
2024-11-16 21:37:26,636 - Virtual_Question_AnsweringModel - INFO - Model nlpconnect/vit-gpt2-image-captioning loaded successfully.
2024-11-16 21:37:26,636 - Virtual_Question_AnsweringModel - INFO - Model nlpconnect/vit-gpt2-image-captioning loaded successfully.
2024-11-16 21:37:26,636 - Virtual_Question_AnsweringModel - INFO - Model nlpconnect/vit-gpt2-image-captioning loaded successfully.
2024-11-16 21:37:26,636 - Virtual_Question_AnsweringModel - INFO - Model nlpconnect/vit-gpt2-image-captioning loaded successfully.
2024-11-16 21:37:29,592 - Virtual_Question_AnsweringModel - INFO - Caption Generated Successfully.
2024-11-16 21:37:29,592 - Virtual_Question_AnsweringModel - INFO - Caption Generated Successfully.
2024-11-16 21:37:29,592 - Virtual_Question_AnsweringModel - INFO - Caption Generated Successfully.
2024-11-16 21:37:29,592 - Virtual_Question_AnsweringModel - INFO - Caption Generated Successfully.
2024-11-16 21:37:29,599 - StreamlitAPP - INFO - Caption generated successfully.
2024-11-16 21:41:17,601 - ConfigLoader - INFO - Config file loaded successfully.
2024-11-16 21:41:17,602 - ConfigLoader - INFO - Config file loaded successfully.
2024-11-16 21:41:23,253 - Virtual_Question_AnsweringModel - INFO - Model nlpconnect/vit-gpt2-image-captioning loaded successfully.
2024-11-16 21:41:23,253 - Virtual_Question_AnsweringModel - INFO - Model nlpconnect/vit-gpt2-image-captioning loaded successfully.
2024-11-16 21:41:23,253 - Virtual_Question_AnsweringModel - INFO - Model nlpconnect/vit-gpt2-image-captioning loaded successfully.
2024-11-16 21:41:23,253 - Virtual_Question_AnsweringModel - INFO - Model nlpconnect/vit-gpt2-image-captioning loaded successfully.
2024-11-16 21:41:23,253 - Virtual_Question_AnsweringModel - INFO - Model nlpconnect/vit-gpt2-image-captioning loaded successfully.
2024-11-16 21:41:32,471 - ConfigLoader - INFO - Config file loaded successfully.
2024-11-16 21:41:32,471 - ConfigLoader - INFO - Config file loaded successfully.
2024-11-16 21:41:38,026 - Virtual_Question_AnsweringModel - INFO - Model nlpconnect/vit-gpt2-image-captioning loaded successfully.
2024-11-16 21:41:38,026 - Virtual_Question_AnsweringModel - INFO - Model nlpconnect/vit-gpt2-image-captioning loaded successfully.
2024-11-16 21:41:38,026 - Virtual_Question_AnsweringModel - INFO - Model nlpconnect/vit-gpt2-image-captioning loaded successfully.
2024-11-16 21:41:38,026 - Virtual_Question_AnsweringModel - INFO - Model nlpconnect/vit-gpt2-image-captioning loaded successfully.
2024-11-16 21:41:38,026 - Virtual_Question_AnsweringModel - INFO - Model nlpconnect/vit-gpt2-image-captioning loaded successfully.
2024-11-16 21:41:38,026 - Virtual_Question_AnsweringModel - INFO - Model nlpconnect/vit-gpt2-image-captioning loaded successfully.
2024-11-16 21:41:41,376 - Virtual_Question_AnsweringModel - INFO - Caption Generated Successfully.
2024-11-16 21:41:41,376 - Virtual_Question_AnsweringModel - INFO - Caption Generated Successfully.
2024-11-16 21:41:41,376 - Virtual_Question_AnsweringModel - INFO - Caption Generated Successfully.
2024-11-16 21:41:41,376 - Virtual_Question_AnsweringModel - INFO - Caption Generated Successfully.
2024-11-16 21:41:41,376 - Virtual_Question_AnsweringModel - INFO - Caption Generated Successfully.
2024-11-16 21:41:41,376 - Virtual_Question_AnsweringModel - INFO - Caption Generated Successfully.
2024-11-16 21:41:41,388 - StreamlitAPP - INFO - Caption generated successfully.
2024-11-16 23:02:03,728 - ConfigLoader - INFO - Config file loaded successfully.
2024-11-16 23:02:03,729 - ConfigLoader - INFO - Config file loaded successfully.
2024-11-16 23:02:14,784 - Virtual_Question_AnsweringModel - INFO - Model nlpconnect/vit-gpt2-image-captioning loaded successfully.
2024-11-16 23:02:39,310 - ConfigLoader - INFO - Config file loaded successfully.
2024-11-16 23:02:39,311 - ConfigLoader - INFO - Config file loaded successfully.
2024-11-16 23:02:45,051 - Virtual_Question_AnsweringModel - INFO - Model nlpconnect/vit-gpt2-image-captioning loaded successfully.
2024-11-16 23:02:45,051 - Virtual_Question_AnsweringModel - INFO - Model nlpconnect/vit-gpt2-image-captioning loaded successfully.
2024-11-16 23:02:50,926 - Virtual_Question_AnsweringModel - INFO - Caption Generated Successfully.
2024-11-16 23:02:50,926 - Virtual_Question_AnsweringModel - INFO - Caption Generated Successfully.
2024-11-16 23:02:50,929 - StreamlitAPP - INFO - Caption generated successfully.
2024-11-29 00:10:09,427 - ConfigLoader - INFO - Config file loaded successfully.
2024-11-29 00:10:09,429 - ConfigLoader - INFO - Config file loaded successfully.
2024-11-29 00:10:18,816 - Virtual_Question_AnsweringModel - INFO - Model nlpconnect/vit-gpt2-image-captioning loaded successfully.
2024-11-29 00:10:26,345 - ConfigLoader - INFO - Config file loaded successfully.
2024-11-29 00:10:26,347 - ConfigLoader - INFO - Config file loaded successfully.
2024-11-29 00:10:32,549 - Virtual_Question_AnsweringModel - INFO - Model nlpconnect/vit-gpt2-image-captioning loaded successfully.
2024-11-29 00:10:32,549 - Virtual_Question_AnsweringModel - INFO - Model nlpconnect/vit-gpt2-image-captioning loaded successfully.
2024-11-29 00:10:38,238 - Virtual_Question_AnsweringModel - INFO - Caption Generated Successfully.
2024-11-29 00:10:38,238 - Virtual_Question_AnsweringModel - INFO - Caption Generated Successfully.
2024-11-29 00:10:38,244 - StreamlitAPP - INFO - Caption generated successfully.
2024-11-29 00:11:13,008 - ConfigLoader - INFO - Config file loaded successfully.
2024-11-29 00:11:13,009 - ConfigLoader - INFO - Config file loaded successfully.
2024-11-29 00:11:18,279 - Virtual_Question_AnsweringModel - INFO - Model nlpconnect/vit-gpt2-image-captioning loaded successfully.
2024-11-29 00:11:18,279 - Virtual_Question_AnsweringModel - INFO - Model nlpconnect/vit-gpt2-image-captioning loaded successfully.
2024-11-29 00:11:18,279 - Virtual_Question_AnsweringModel - INFO - Model nlpconnect/vit-gpt2-image-captioning loaded successfully.
2024-11-29 00:48:05,898 - ConfigLoader - INFO - Config file loaded successfully.
2024-11-29 00:48:05,905 - ConfigLoader - INFO - Config file loaded successfully.
2024-11-29 00:48:12,070 - Virtual_Question_AnsweringModel - INFO - Model nlpconnect/vit-gpt2-image-captioning loaded successfully.
2024-11-29 00:48:24,014 - ConfigLoader - INFO - Config file loaded successfully.
2024-11-29 00:48:24,021 - ConfigLoader - INFO - Config file loaded successfully.
2024-11-29 00:48:29,122 - Virtual_Question_AnsweringModel - INFO - Model nlpconnect/vit-gpt2-image-captioning loaded successfully.
2024-11-29 00:48:29,122 - Virtual_Question_AnsweringModel - INFO - Model nlpconnect/vit-gpt2-image-captioning loaded successfully.
2024-11-29 00:48:32,385 - Virtual_Question_AnsweringModel - INFO - Caption Generated Successfully.
2024-11-29 00:48:32,385 - Virtual_Question_AnsweringModel - INFO - Caption Generated Successfully.
2024-11-29 00:48:32,387 - StreamlitAPP - INFO - Caption generated successfully.
2024-11-29 00:50:47,675 - ConfigLoader - INFO - Config file loaded successfully.
2024-11-29 00:50:47,683 - ConfigLoader - INFO - Config file loaded successfully.
2024-11-29 00:50:53,001 - Virtual_Question_AnsweringModel - INFO - Model nlpconnect/vit-gpt2-image-captioning loaded successfully.
2024-11-29 00:51:00,064 - ConfigLoader - INFO - Config file loaded successfully.
2024-11-29 00:51:00,065 - ConfigLoader - INFO - Config file loaded successfully.
2024-11-29 00:51:05,150 - Virtual_Question_AnsweringModel - INFO - Model nlpconnect/vit-gpt2-image-captioning loaded successfully.
2024-11-29 00:51:05,150 - Virtual_Question_AnsweringModel - INFO - Model nlpconnect/vit-gpt2-image-captioning loaded successfully.
2024-11-29 00:51:09,709 - Virtual_Question_AnsweringModel - INFO - Caption Generated Successfully.
2024-11-29 00:51:09,709 - Virtual_Question_AnsweringModel - INFO - Caption Generated Successfully.
2024-11-29 00:51:09,709 - StreamlitAPP - INFO - Caption generated successfully.
2024-11-29 00:54:29,779 - ConfigLoader - INFO - Config file loaded successfully.
2024-11-29 00:54:29,782 - ConfigLoader - INFO - Config file loaded successfully.
2024-11-29 00:54:35,099 - Virtual_Question_AnsweringModel - INFO - Model nlpconnect/vit-gpt2-image-captioning loaded successfully.
2024-11-29 00:58:18,638 - ConfigLoader - INFO - Config file loaded successfully.
2024-11-29 00:58:18,640 - ConfigLoader - INFO - Config file loaded successfully.
2024-11-29 00:58:24,246 - Virtual_Question_AnsweringModel - INFO - Model nlpconnect/vit-gpt2-image-captioning loaded successfully.
2024-11-29 01:00:10,967 - ConfigLoader - INFO - Config file loaded successfully.
2024-11-29 01:00:10,972 - ConfigLoader - INFO - Config file loaded successfully.
2024-11-29 01:00:16,403 - Virtual_Question_AnsweringModel - INFO - Model nlpconnect/vit-gpt2-image-captioning loaded successfully.
2024-11-29 01:00:16,403 - Virtual_Question_AnsweringModel - INFO - Model nlpconnect/vit-gpt2-image-captioning loaded successfully.
2024-11-29 01:00:18,970 - Virtual_Question_AnsweringModel - INFO - Caption Generated Successfully.
2024-11-29 01:00:18,970 - Virtual_Question_AnsweringModel - INFO - Caption Generated Successfully.
2024-11-29 01:00:18,972 - StreamlitAPP - INFO - Caption generated successfully.
2024-11-29 01:12:11,657 - ConfigLoader - INFO - Config file loaded successfully.
2024-11-29 01:12:11,660 - ConfigLoader - INFO - Config file loaded successfully.
2024-11-29 01:12:17,432 - Virtual_Question_AnsweringModel - INFO - Model nlpconnect/vit-gpt2-image-captioning loaded successfully.
2024-11-29 01:13:57,649 - ConfigLoader - INFO - Config file loaded successfully.
2024-11-29 01:13:57,651 - ConfigLoader - INFO - Config file loaded successfully.
2024-11-29 01:14:03,452 - Virtual_Question_AnsweringModel - INFO - Model nlpconnect/vit-gpt2-image-captioning loaded successfully.
2024-11-29 01:15:20,348 - ConfigLoader - INFO - Config file loaded successfully.
2024-11-29 01:15:20,349 - ConfigLoader - INFO - Config file loaded successfully.
2024-11-29 01:15:25,838 - Virtual_Question_AnsweringModel - INFO - Model nlpconnect/vit-gpt2-image-captioning loaded successfully.
2024-11-29 01:17:47,342 - ConfigLoader - INFO - Config file loaded successfully.
2024-11-29 01:17:47,344 - ConfigLoader - INFO - Config file loaded successfully.
2024-11-29 01:17:53,019 - Virtual_Question_AnsweringModel - INFO - Model nlpconnect/vit-gpt2-image-captioning loaded successfully.
2024-11-29 01:18:05,030 - ConfigLoader - INFO - Config file loaded successfully.
2024-11-29 01:18:05,030 - ConfigLoader - INFO - Config file loaded successfully.
2024-11-29 01:18:10,200 - Virtual_Question_AnsweringModel - INFO - Model nlpconnect/vit-gpt2-image-captioning loaded successfully.
2024-11-29 01:18:10,200 - Virtual_Question_AnsweringModel - INFO - Model nlpconnect/vit-gpt2-image-captioning loaded successfully.
2024-11-29 01:18:12,879 - Virtual_Question_AnsweringModel - INFO - Caption Generated Successfully.
2024-11-29 01:18:12,879 - Virtual_Question_AnsweringModel - INFO - Caption Generated Successfully.
2024-11-29 01:18:12,881 - StreamlitAPP - INFO - Caption generated successfully.
2024-11-29 01:35:41,586 - ConfigLoader - INFO - Config file loaded successfully.
2024-11-29 01:35:41,588 - ConfigLoader - INFO - Config file loaded successfully.
2024-11-29 01:35:47,134 - Virtual_Question_AnsweringModel - INFO - Model nlpconnect/vit-gpt2-image-captioning loaded successfully.
2024-11-29 01:35:51,648 - ConfigLoader - INFO - Config file loaded successfully.
2024-11-29 01:35:51,649 - ConfigLoader - INFO - Config file loaded successfully.
2024-11-29 01:35:56,904 - Virtual_Question_AnsweringModel - INFO - Model nlpconnect/vit-gpt2-image-captioning loaded successfully.
2024-11-29 01:35:56,904 - Virtual_Question_AnsweringModel - INFO - Model nlpconnect/vit-gpt2-image-captioning loaded successfully.
2024-11-29 01:35:59,619 - Virtual_Question_AnsweringModel - INFO - Caption Generated Successfully.
2024-11-29 01:35:59,619 - Virtual_Question_AnsweringModel - INFO - Caption Generated Successfully.
2024-11-29 01:35:59,619 - StreamlitAPP - INFO - Caption generated successfully.
2024-11-29 01:39:51,030 - ConfigLoader - INFO - Config file loaded successfully.
2024-11-29 01:39:51,039 - ConfigLoader - INFO - Config file loaded successfully.
2024-11-29 01:39:56,527 - Virtual_Question_AnsweringModel - INFO - Model nlpconnect/vit-gpt2-image-captioning loaded successfully.
2024-11-29 01:40:00,917 - ConfigLoader - INFO - Config file loaded successfully.
2024-11-29 01:40:00,917 - ConfigLoader - INFO - Config file loaded successfully.
2024-11-29 01:40:06,315 - Virtual_Question_AnsweringModel - INFO - Model nlpconnect/vit-gpt2-image-captioning loaded successfully.
2024-11-29 01:40:06,315 - Virtual_Question_AnsweringModel - INFO - Model nlpconnect/vit-gpt2-image-captioning loaded successfully.
2024-11-29 01:40:08,951 - Virtual_Question_AnsweringModel - INFO - Caption Generated Successfully.
2024-11-29 01:40:08,951 - Virtual_Question_AnsweringModel - INFO - Caption Generated Successfully.
2024-11-29 01:40:08,958 - StreamlitAPP - INFO - Caption generated successfully.
2024-11-29 01:40:58,855 - ConfigLoader - INFO - Config file loaded successfully.
2024-11-29 01:40:58,857 - ConfigLoader - INFO - Config file loaded successfully.
2024-11-29 01:41:04,367 - Virtual_Question_AnsweringModel - INFO - Model nlpconnect/vit-gpt2-image-captioning loaded successfully.
2024-11-29 01:41:08,779 - ConfigLoader - INFO - Config file loaded successfully.
2024-11-29 01:41:08,779 - ConfigLoader - INFO - Config file loaded successfully.
2024-11-29 01:41:13,963 - Virtual_Question_AnsweringModel - INFO - Model nlpconnect/vit-gpt2-image-captioning loaded successfully.
2024-11-29 01:41:13,963 - Virtual_Question_AnsweringModel - INFO - Model nlpconnect/vit-gpt2-image-captioning loaded successfully.
2024-11-29 01:41:17,008 - Virtual_Question_AnsweringModel - INFO - Caption Generated Successfully.
2024-11-29 01:41:17,008 - Virtual_Question_AnsweringModel - INFO - Caption Generated Successfully.
2024-11-29 01:41:17,010 - StreamlitAPP - INFO - Caption generated successfully.
2024-11-29 01:55:11,737 - ConfigLoader - INFO - Config file loaded successfully.
2024-11-29 01:55:11,738 - ConfigLoader - INFO - Config file loaded successfully.
2024-11-29 01:55:18,768 - Virtual_Question_AnsweringModel - INFO - Model nlpconnect/vit-gpt2-image-captioning loaded successfully.
2024-11-29 01:55:26,610 - ConfigLoader - INFO - Config file loaded successfully.
2024-11-29 01:55:26,612 - ConfigLoader - INFO - Config file loaded successfully.
2024-11-29 01:55:31,867 - Virtual_Question_AnsweringModel - INFO - Model nlpconnect/vit-gpt2-image-captioning loaded successfully.
2024-11-29 01:55:31,867 - Virtual_Question_AnsweringModel - INFO - Model nlpconnect/vit-gpt2-image-captioning loaded successfully.
2024-11-29 01:55:36,729 - Virtual_Question_AnsweringModel - INFO - Caption Generated Successfully.
2024-11-29 01:55:36,729 - Virtual_Question_AnsweringModel - INFO - Caption Generated Successfully.
2024-11-29 01:55:36,729 - StreamlitAPP - INFO - Caption generated successfully.
2024-11-29 01:57:03,359 - ConfigLoader - INFO - Config file loaded successfully.
2024-11-29 01:57:03,362 - ConfigLoader - INFO - Config file loaded successfully.
2024-11-29 01:57:08,893 - Virtual_Question_AnsweringModel - INFO - Model nlpconnect/vit-gpt2-image-captioning loaded successfully.
2024-11-29 01:57:15,482 - ConfigLoader - INFO - Config file loaded successfully.
2024-11-29 01:57:15,482 - ConfigLoader - INFO - Config file loaded successfully.
2024-11-29 01:57:20,914 - Virtual_Question_AnsweringModel - INFO - Model nlpconnect/vit-gpt2-image-captioning loaded successfully.
2024-11-29 01:57:20,914 - Virtual_Question_AnsweringModel - INFO - Model nlpconnect/vit-gpt2-image-captioning loaded successfully.
2024-11-29 01:57:24,058 - Virtual_Question_AnsweringModel - INFO - Caption Generated Successfully.
2024-11-29 01:57:24,058 - Virtual_Question_AnsweringModel - INFO - Caption Generated Successfully.
2024-11-29 01:57:24,058 - StreamlitAPP - INFO - Caption generated successfully.
2024-11-29 01:57:52,326 - ConfigLoader - INFO - Config file loaded successfully.
2024-11-29 01:57:52,328 - ConfigLoader - INFO - Config file loaded successfully.
2024-11-29 01:57:57,808 - Virtual_Question_AnsweringModel - INFO - Model nlpconnect/vit-gpt2-image-captioning loaded successfully.
2024-11-29 01:58:04,113 - ConfigLoader - INFO - Config file loaded successfully.
2024-11-29 01:58:04,121 - ConfigLoader - INFO - Config file loaded successfully.
2024-11-29 01:58:09,277 - Virtual_Question_AnsweringModel - INFO - Model nlpconnect/vit-gpt2-image-captioning loaded successfully.
2024-11-29 01:58:09,277 - Virtual_Question_AnsweringModel - INFO - Model nlpconnect/vit-gpt2-image-captioning loaded successfully.
2024-11-29 01:58:12,018 - Virtual_Question_AnsweringModel - INFO - Caption Generated Successfully.
2024-11-29 01:58:12,018 - Virtual_Question_AnsweringModel - INFO - Caption Generated Successfully.
2024-11-29 01:58:12,018 - StreamlitAPP - INFO - Caption generated successfully.
2024-11-29 01:58:41,650 - ConfigLoader - INFO - Config file loaded successfully.
2024-11-29 01:58:41,651 - ConfigLoader - INFO - Config file loaded successfully.
2024-11-29 01:58:47,069 - Virtual_Question_AnsweringModel - INFO - Model nlpconnect/vit-gpt2-image-captioning loaded successfully.
2024-11-29 01:58:55,443 - ConfigLoader - INFO - Config file loaded successfully.
2024-11-29 01:58:55,445 - ConfigLoader - INFO - Config file loaded successfully.
2024-11-29 01:59:00,486 - Virtual_Question_AnsweringModel - INFO - Model nlpconnect/vit-gpt2-image-captioning loaded successfully.
2024-11-29 01:59:00,486 - Virtual_Question_AnsweringModel - INFO - Model nlpconnect/vit-gpt2-image-captioning loaded successfully.
2024-11-29 01:59:03,415 - Virtual_Question_AnsweringModel - INFO - Caption Generated Successfully.
2024-11-29 01:59:03,415 - Virtual_Question_AnsweringModel - INFO - Caption Generated Successfully.
2024-11-29 01:59:03,415 - StreamlitAPP - INFO - Caption generated successfully.
2024-11-29 01:59:21,310 - ConfigLoader - INFO - Config file loaded successfully.
2024-11-29 01:59:21,311 - ConfigLoader - INFO - Config file loaded successfully.
2024-11-29 01:59:27,034 - Virtual_Question_AnsweringModel - INFO - Model nlpconnect/vit-gpt2-image-captioning loaded successfully.
2024-11-29 01:59:30,751 - ConfigLoader - INFO - Config file loaded successfully.
2024-11-29 01:59:30,751 - ConfigLoader - INFO - Config file loaded successfully.
2024-11-29 01:59:35,883 - Virtual_Question_AnsweringModel - INFO - Model nlpconnect/vit-gpt2-image-captioning loaded successfully.
2024-11-29 01:59:35,883 - Virtual_Question_AnsweringModel - INFO - Model nlpconnect/vit-gpt2-image-captioning loaded successfully.
2024-11-29 01:59:38,594 - Virtual_Question_AnsweringModel - INFO - Caption Generated Successfully.
2024-11-29 01:59:38,594 - Virtual_Question_AnsweringModel - INFO - Caption Generated Successfully.
2024-11-29 01:59:38,594 - StreamlitAPP - INFO - Caption generated successfully.
2024-11-29 02:01:04,146 - ConfigLoader - INFO - Config file loaded successfully.
2024-11-29 02:01:04,156 - ConfigLoader - INFO - Config file loaded successfully.
2024-11-29 02:01:09,627 - Virtual_Question_AnsweringModel - INFO - Model nlpconnect/vit-gpt2-image-captioning loaded successfully.
2024-11-29 02:01:13,414 - ConfigLoader - INFO - Config file loaded successfully.
2024-11-29 02:01:13,418 - ConfigLoader - INFO - Config file loaded successfully.
2024-11-29 02:01:18,913 - Virtual_Question_AnsweringModel - INFO - Model nlpconnect/vit-gpt2-image-captioning loaded successfully.
2024-11-29 02:01:18,913 - Virtual_Question_AnsweringModel - INFO - Model nlpconnect/vit-gpt2-image-captioning loaded successfully.
2024-11-29 02:01:21,511 - Virtual_Question_AnsweringModel - INFO - Caption Generated Successfully.
2024-11-29 02:01:21,511 - Virtual_Question_AnsweringModel - INFO - Caption Generated Successfully.
2024-11-29 02:01:21,511 - StreamlitAPP - INFO - Caption generated successfully.
2024-11-29 02:01:31,465 - ConfigLoader - INFO - Config file loaded successfully.
2024-11-29 02:01:31,466 - ConfigLoader - INFO - Config file loaded successfully.
2024-11-29 02:01:36,743 - Virtual_Question_AnsweringModel - INFO - Model nlpconnect/vit-gpt2-image-captioning loaded successfully.
2024-11-29 02:01:36,743 - Virtual_Question_AnsweringModel - INFO - Model nlpconnect/vit-gpt2-image-captioning loaded successfully.
2024-11-29 02:01:36,743 - Virtual_Question_AnsweringModel - INFO - Model nlpconnect/vit-gpt2-image-captioning loaded successfully.
2024-11-29 02:05:11,981 - ConfigLoader - INFO - Config file loaded successfully.
2024-11-29 02:05:11,981 - ConfigLoader - INFO - Config file loaded successfully.
2024-11-29 02:05:13,632 - ConfigLoader - INFO - Config file loaded successfully.
2024-11-29 02:05:13,634 - ConfigLoader - INFO - Config file loaded successfully.
2024-11-29 02:05:18,016 - Virtual_Question_AnsweringModel - INFO - Model nlpconnect/vit-gpt2-image-captioning loaded successfully.
2024-11-29 02:05:18,016 - Virtual_Question_AnsweringModel - INFO - Model nlpconnect/vit-gpt2-image-captioning loaded successfully.
2024-11-29 02:05:18,016 - Virtual_Question_AnsweringModel - INFO - Model nlpconnect/vit-gpt2-image-captioning loaded successfully.
2024-11-29 02:05:18,016 - Virtual_Question_AnsweringModel - INFO - Model nlpconnect/vit-gpt2-image-captioning loaded successfully.
2024-11-29 02:05:18,016 - Virtual_Question_AnsweringModel - INFO - Model nlpconnect/vit-gpt2-image-captioning loaded successfully.
2024-11-29 02:05:21,151 - Virtual_Question_AnsweringModel - INFO - Model nlpconnect/vit-gpt2-image-captioning loaded successfully.
2024-11-29 02:05:21,151 - Virtual_Question_AnsweringModel - INFO - Model nlpconnect/vit-gpt2-image-captioning loaded successfully.
2024-11-29 02:05:21,151 - Virtual_Question_AnsweringModel - INFO - Model nlpconnect/vit-gpt2-image-captioning loaded successfully.
2024-11-29 02:05:21,151 - Virtual_Question_AnsweringModel - INFO - Model nlpconnect/vit-gpt2-image-captioning loaded successfully.
2024-11-29 02:05:21,151 - Virtual_Question_AnsweringModel - INFO - Model nlpconnect/vit-gpt2-image-captioning loaded successfully.
2024-11-29 02:05:29,355 - ConfigLoader - INFO - Config file loaded successfully.
2024-11-29 02:05:29,355 - ConfigLoader - INFO - Config file loaded successfully.
2024-11-29 02:05:34,804 - Virtual_Question_AnsweringModel - INFO - Model nlpconnect/vit-gpt2-image-captioning loaded successfully.
2024-11-29 02:05:34,804 - Virtual_Question_AnsweringModel - INFO - Model nlpconnect/vit-gpt2-image-captioning loaded successfully.
2024-11-29 02:05:34,804 - Virtual_Question_AnsweringModel - INFO - Model nlpconnect/vit-gpt2-image-captioning loaded successfully.
2024-11-29 02:05:34,804 - Virtual_Question_AnsweringModel - INFO - Model nlpconnect/vit-gpt2-image-captioning loaded successfully.
2024-11-29 02:05:34,804 - Virtual_Question_AnsweringModel - INFO - Model nlpconnect/vit-gpt2-image-captioning loaded successfully.
2024-11-29 02:05:34,804 - Virtual_Question_AnsweringModel - INFO - Model nlpconnect/vit-gpt2-image-captioning loaded successfully.
2024-11-29 02:05:37,099 - Virtual_Question_AnsweringModel - INFO - Caption Generated Successfully.
2024-11-29 02:05:37,099 - Virtual_Question_AnsweringModel - INFO - Caption Generated Successfully.
2024-11-29 02:05:37,099 - Virtual_Question_AnsweringModel - INFO - Caption Generated Successfully.
2024-11-29 02:05:37,099 - Virtual_Question_AnsweringModel - INFO - Caption Generated Successfully.
2024-11-29 02:05:37,099 - Virtual_Question_AnsweringModel - INFO - Caption Generated Successfully.
2024-11-29 02:05:37,099 - Virtual_Question_AnsweringModel - INFO - Caption Generated Successfully.
2024-11-29 02:05:37,099 - StreamlitAPP - INFO - Caption generated successfully.
2024-11-29 02:08:44,790 - ConfigLoader - INFO - Config file loaded successfully.
2024-11-29 02:08:44,804 - ConfigLoader - INFO - Config file loaded successfully.
2024-11-29 02:08:50,253 - Virtual_Question_AnsweringModel - INFO - Model nlpconnect/vit-gpt2-image-captioning loaded successfully.
2024-11-29 02:08:55,347 - ConfigLoader - INFO - Config file loaded successfully.
2024-11-29 02:08:55,350 - ConfigLoader - INFO - Config file loaded successfully.
2024-11-29 02:09:00,643 - Virtual_Question_AnsweringModel - INFO - Model nlpconnect/vit-gpt2-image-captioning loaded successfully.
2024-11-29 02:09:00,643 - Virtual_Question_AnsweringModel - INFO - Model nlpconnect/vit-gpt2-image-captioning loaded successfully.
2024-11-29 02:09:03,690 - Virtual_Question_AnsweringModel - INFO - Caption Generated Successfully.
2024-11-29 02:09:03,690 - Virtual_Question_AnsweringModel - INFO - Caption Generated Successfully.
2024-11-29 02:09:03,690 - StreamlitAPP - INFO - Caption generated successfully.
2024-11-29 02:39:24,721 - ConfigLoader - INFO - Config file loaded successfully.
2024-11-29 02:39:24,729 - ConfigLoader - INFO - Config file loaded successfully.
2024-11-29 02:39:31,268 - Virtual_Question_AnsweringModel - INFO - Model nlpconnect/vit-gpt2-image-captioning loaded successfully.
2024-11-29 02:39:40,561 - ConfigLoader - INFO - Config file loaded successfully.
2024-11-29 02:39:40,561 - ConfigLoader - INFO - Config file loaded successfully.
2024-11-29 02:39:45,725 - Virtual_Question_AnsweringModel - INFO - Model nlpconnect/vit-gpt2-image-captioning loaded successfully.
2024-11-29 02:39:45,725 - Virtual_Question_AnsweringModel - INFO - Model nlpconnect/vit-gpt2-image-captioning loaded successfully.
2024-11-29 02:39:48,912 - Virtual_Question_AnsweringModel - INFO - Caption Generated Successfully.
2024-11-29 02:39:48,912 - Virtual_Question_AnsweringModel - INFO - Caption Generated Successfully.
2024-11-29 02:39:48,912 - StreamlitAPP - INFO - Caption generated successfully.
2024-11-29 02:41:03,272 - ConfigLoader - INFO - Config file loaded successfully.
2024-11-29 02:41:03,281 - ConfigLoader - INFO - Config file loaded successfully.
2024-11-29 02:41:09,009 - Virtual_Question_AnsweringModel - INFO - Model nlpconnect/vit-gpt2-image-captioning loaded successfully.
2024-11-29 02:41:13,457 - ConfigLoader - INFO - Config file loaded successfully.
2024-11-29 02:41:13,457 - ConfigLoader - INFO - Config file loaded successfully.
2024-11-29 02:41:18,918 - Virtual_Question_AnsweringModel - INFO - Model nlpconnect/vit-gpt2-image-captioning loaded successfully.
2024-11-29 02:41:18,918 - Virtual_Question_AnsweringModel - INFO - Model nlpconnect/vit-gpt2-image-captioning loaded successfully.
2024-11-29 02:41:18,933 - StreamlitAPP - ERROR - Error processing image: ImageMixin.image() got an unexpected keyword argument 'use_container_widthh'
2024-11-29 02:41:21,807 - ConfigLoader - INFO - Config file loaded successfully.
2024-11-29 02:41:21,807 - ConfigLoader - INFO - Config file loaded successfully.
2024-11-29 02:41:25,385 - ConfigLoader - INFO - Config file loaded successfully.
2024-11-29 02:41:25,386 - ConfigLoader - INFO - Config file loaded successfully.
2024-11-29 02:41:27,379 - Virtual_Question_AnsweringModel - INFO - Model nlpconnect/vit-gpt2-image-captioning loaded successfully.
2024-11-29 02:41:27,379 - Virtual_Question_AnsweringModel - INFO - Model nlpconnect/vit-gpt2-image-captioning loaded successfully.
2024-11-29 02:41:27,379 - Virtual_Question_AnsweringModel - INFO - Model nlpconnect/vit-gpt2-image-captioning loaded successfully.
2024-11-29 02:41:27,379 - Virtual_Question_AnsweringModel - INFO - Model nlpconnect/vit-gpt2-image-captioning loaded successfully.
2024-11-29 02:41:31,179 - Virtual_Question_AnsweringModel - INFO - Model nlpconnect/vit-gpt2-image-captioning loaded successfully.
2024-11-29 02:41:31,179 - Virtual_Question_AnsweringModel - INFO - Model nlpconnect/vit-gpt2-image-captioning loaded successfully.
2024-11-29 02:41:31,179 - Virtual_Question_AnsweringModel - INFO - Model nlpconnect/vit-gpt2-image-captioning loaded successfully.
2024-11-29 02:41:31,179 - Virtual_Question_AnsweringModel - INFO - Model nlpconnect/vit-gpt2-image-captioning loaded successfully.
2024-11-29 02:41:31,197 - StreamlitAPP - ERROR - Error processing image: ImageMixin.image() got an unexpected keyword argument 'use_container_widthh'
2024-11-29 02:41:35,514 - ConfigLoader - INFO - Config file loaded successfully.
2024-11-29 02:41:35,517 - ConfigLoader - INFO - Config file loaded successfully.
2024-11-29 02:41:37,713 - ConfigLoader - INFO - Config file loaded successfully.
2024-11-29 02:41:37,714 - ConfigLoader - INFO - Config file loaded successfully.
2024-11-29 02:41:41,534 - Virtual_Question_AnsweringModel - INFO - Model nlpconnect/vit-gpt2-image-captioning loaded successfully.
2024-11-29 02:41:41,534 - Virtual_Question_AnsweringModel - INFO - Model nlpconnect/vit-gpt2-image-captioning loaded successfully.
2024-11-29 02:41:41,534 - Virtual_Question_AnsweringModel - INFO - Model nlpconnect/vit-gpt2-image-captioning loaded successfully.
2024-11-29 02:41:41,534 - Virtual_Question_AnsweringModel - INFO - Model nlpconnect/vit-gpt2-image-captioning loaded successfully.
2024-11-29 02:41:41,534 - Virtual_Question_AnsweringModel - INFO - Model nlpconnect/vit-gpt2-image-captioning loaded successfully.
2024-11-29 02:41:41,534 - Virtual_Question_AnsweringModel - INFO - Model nlpconnect/vit-gpt2-image-captioning loaded successfully.
2024-11-29 02:41:44,695 - Virtual_Question_AnsweringModel - INFO - Model nlpconnect/vit-gpt2-image-captioning loaded successfully.
2024-11-29 02:41:44,695 - Virtual_Question_AnsweringModel - INFO - Model nlpconnect/vit-gpt2-image-captioning loaded successfully.
2024-11-29 02:41:44,695 - Virtual_Question_AnsweringModel - INFO - Model nlpconnect/vit-gpt2-image-captioning loaded successfully.
2024-11-29 02:41:44,695 - Virtual_Question_AnsweringModel - INFO - Model nlpconnect/vit-gpt2-image-captioning loaded successfully.
2024-11-29 02:41:44,695 - Virtual_Question_AnsweringModel - INFO - Model nlpconnect/vit-gpt2-image-captioning loaded successfully.
2024-11-29 02:41:44,695 - Virtual_Question_AnsweringModel - INFO - Model nlpconnect/vit-gpt2-image-captioning loaded successfully.
2024-11-29 02:41:48,616 - ConfigLoader - INFO - Config file loaded successfully.
2024-11-29 02:41:48,616 - ConfigLoader - INFO - Config file loaded successfully.
2024-11-29 02:41:53,895 - Virtual_Question_AnsweringModel - INFO - Model nlpconnect/vit-gpt2-image-captioning loaded successfully.
2024-11-29 02:41:53,895 - Virtual_Question_AnsweringModel - INFO - Model nlpconnect/vit-gpt2-image-captioning loaded successfully.
2024-11-29 02:41:53,895 - Virtual_Question_AnsweringModel - INFO - Model nlpconnect/vit-gpt2-image-captioning loaded successfully.
2024-11-29 02:41:53,895 - Virtual_Question_AnsweringModel - INFO - Model nlpconnect/vit-gpt2-image-captioning loaded successfully.
2024-11-29 02:41:53,895 - Virtual_Question_AnsweringModel - INFO - Model nlpconnect/vit-gpt2-image-captioning loaded successfully.
2024-11-29 02:41:53,895 - Virtual_Question_AnsweringModel - INFO - Model nlpconnect/vit-gpt2-image-captioning loaded successfully.
2024-11-29 02:41:53,895 - Virtual_Question_AnsweringModel - INFO - Model nlpconnect/vit-gpt2-image-captioning loaded successfully.
2024-11-29 02:41:53,916 - StreamlitAPP - ERROR - Error processing image: ImageMixin.image() got an unexpected keyword argument 'use_container_widthh'
2024-11-29 02:42:29,593 - ConfigLoader - INFO - Config file loaded successfully.
2024-11-29 02:42:29,609 - ConfigLoader - INFO - Config file loaded successfully.
2024-11-29 02:42:35,266 - Virtual_Question_AnsweringModel - INFO - Model nlpconnect/vit-gpt2-image-captioning loaded successfully.
2024-11-29 02:42:38,663 - ConfigLoader - INFO - Config file loaded successfully.
2024-11-29 02:42:38,663 - ConfigLoader - INFO - Config file loaded successfully.
2024-11-29 02:42:44,100 - Virtual_Question_AnsweringModel - INFO - Model nlpconnect/vit-gpt2-image-captioning loaded successfully.
2024-11-29 02:42:44,100 - Virtual_Question_AnsweringModel - INFO - Model nlpconnect/vit-gpt2-image-captioning loaded successfully.
2024-11-29 02:42:44,119 - StreamlitAPP - ERROR - Error processing image: ImageMixin.image() got an unexpected keyword argument 'use_container_widthh'
2024-11-29 02:46:07,567 - ConfigLoader - INFO - Config file loaded successfully.
2024-11-29 02:46:07,569 - ConfigLoader - INFO - Config file loaded successfully.
2024-11-29 02:46:13,099 - Virtual_Question_AnsweringModel - INFO - Model nlpconnect/vit-gpt2-image-captioning loaded successfully.
2024-11-29 02:46:15,982 - ConfigLoader - INFO - Config file loaded successfully.
2024-11-29 02:46:15,984 - ConfigLoader - INFO - Config file loaded successfully.
2024-11-29 02:46:21,876 - Virtual_Question_AnsweringModel - INFO - Model nlpconnect/vit-gpt2-image-captioning loaded successfully.
2024-11-29 02:46:21,876 - Virtual_Question_AnsweringModel - INFO - Model nlpconnect/vit-gpt2-image-captioning loaded successfully.
2024-11-29 02:46:25,051 - Virtual_Question_AnsweringModel - INFO - Caption Generated Successfully.
2024-11-29 02:46:25,051 - Virtual_Question_AnsweringModel - INFO - Caption Generated Successfully.
2024-11-29 02:46:25,051 - StreamlitAPP - INFO - Caption generated successfully.
2024-11-29 02:57:07,069 - ConfigLoader - INFO - Config file loaded successfully.
2024-11-29 02:57:07,075 - ConfigLoader - INFO - Config file loaded successfully.
2024-11-29 02:57:14,531 - Virtual_Question_AnsweringModel - INFO - Model nlpconnect/vit-gpt2-image-captioning loaded successfully.
2024-11-29 02:59:04,593 - ConfigLoader - INFO - Config file loaded successfully.
2024-11-29 02:59:04,593 - ConfigLoader - INFO - Config file loaded successfully.
2024-11-29 02:59:09,850 - Virtual_Question_AnsweringModel - INFO - Model nlpconnect/vit-gpt2-image-captioning loaded successfully.
2024-11-29 02:59:09,850 - Virtual_Question_AnsweringModel - INFO - Model nlpconnect/vit-gpt2-image-captioning loaded successfully.
2024-11-29 02:59:12,902 - Virtual_Question_AnsweringModel - INFO - Caption Generated Successfully.
2024-11-29 02:59:12,902 - Virtual_Question_AnsweringModel - INFO - Caption Generated Successfully.
2024-11-29 02:59:12,903 - StreamlitAPP - INFO - Caption generated successfully.
2024-11-29 03:04:30,655 - ConfigLoader - INFO - Config file loaded successfully.
2024-11-29 03:04:30,656 - ConfigLoader - INFO - Config file loaded successfully.
2024-11-29 03:04:36,070 - Virtual_Question_AnsweringModel - INFO - Model nlpconnect/vit-gpt2-image-captioning loaded successfully.
2024-11-29 03:04:58,581 - ConfigLoader - INFO - Config file loaded successfully.
2024-11-29 03:04:58,584 - ConfigLoader - INFO - Config file loaded successfully.
2024-11-29 03:05:03,969 - Virtual_Question_AnsweringModel - INFO - Model nlpconnect/vit-gpt2-image-captioning loaded successfully.
2024-11-29 03:05:03,969 - Virtual_Question_AnsweringModel - INFO - Model nlpconnect/vit-gpt2-image-captioning loaded successfully.
2024-11-29 03:05:07,380 - Virtual_Question_AnsweringModel - INFO - Caption Generated Successfully.
2024-11-29 03:05:07,380 - Virtual_Question_AnsweringModel - INFO - Caption Generated Successfully.
2024-11-29 03:05:07,380 - StreamlitAPP - INFO - Caption generated successfully.
2024-11-29 03:06:06,626 - ConfigLoader - INFO - Config file loaded successfully.
2024-11-29 03:06:06,633 - ConfigLoader - INFO - Config file loaded successfully.
2024-11-29 03:06:12,284 - Virtual_Question_AnsweringModel - INFO - Model nlpconnect/vit-gpt2-image-captioning loaded successfully.
2024-11-29 03:06:17,237 - ConfigLoader - INFO - Config file loaded successfully.
2024-11-29 03:06:17,240 - ConfigLoader - INFO - Config file loaded successfully.
2024-11-29 03:06:22,813 - Virtual_Question_AnsweringModel - INFO - Model nlpconnect/vit-gpt2-image-captioning loaded successfully.
2024-11-29 03:06:22,813 - Virtual_Question_AnsweringModel - INFO - Model nlpconnect/vit-gpt2-image-captioning loaded successfully.
2024-11-29 03:06:26,008 - Virtual_Question_AnsweringModel - INFO - Caption Generated Successfully.
2024-11-29 03:06:26,008 - Virtual_Question_AnsweringModel - INFO - Caption Generated Successfully.
2024-11-29 03:06:26,010 - StreamlitAPP - INFO - Caption generated successfully.
2024-11-29 03:08:03,042 - ConfigLoader - INFO - Config file loaded successfully.
2024-11-29 03:08:03,045 - ConfigLoader - INFO - Config file loaded successfully.
2024-11-29 03:08:08,521 - Virtual_Question_AnsweringModel - INFO - Model nlpconnect/vit-gpt2-image-captioning loaded successfully.
2024-11-29 03:08:14,424 - ConfigLoader - INFO - Config file loaded successfully.
2024-11-29 03:08:14,426 - ConfigLoader - INFO - Config file loaded successfully.
2024-11-29 03:08:20,455 - Virtual_Question_AnsweringModel - INFO - Model nlpconnect/vit-gpt2-image-captioning loaded successfully.
2024-11-29 03:08:20,455 - Virtual_Question_AnsweringModel - INFO - Model nlpconnect/vit-gpt2-image-captioning loaded successfully.
2024-11-29 03:08:23,606 - Virtual_Question_AnsweringModel - INFO - Caption Generated Successfully.
2024-11-29 03:08:23,606 - Virtual_Question_AnsweringModel - INFO - Caption Generated Successfully.
2024-11-29 03:08:23,608 - StreamlitAPP - INFO - Caption generated successfully.
2024-11-29 03:10:16,816 - ConfigLoader - INFO - Config file loaded successfully.
2024-11-29 03:10:16,828 - ConfigLoader - INFO - Config file loaded successfully.
2024-11-29 03:10:22,077 - Virtual_Question_AnsweringModel - INFO - Model nlpconnect/vit-gpt2-image-captioning loaded successfully.
2024-11-29 03:10:25,479 - ConfigLoader - INFO - Config file loaded successfully.
2024-11-29 03:10:25,479 - ConfigLoader - INFO - Config file loaded successfully.
2024-11-29 03:10:30,607 - Virtual_Question_AnsweringModel - INFO - Model nlpconnect/vit-gpt2-image-captioning loaded successfully.
2024-11-29 03:10:30,607 - Virtual_Question_AnsweringModel - INFO - Model nlpconnect/vit-gpt2-image-captioning loaded successfully.
2024-11-29 03:10:34,035 - Virtual_Question_AnsweringModel - INFO - Caption Generated Successfully.
2024-11-29 03:10:34,035 - Virtual_Question_AnsweringModel - INFO - Caption Generated Successfully.
2024-11-29 03:10:34,035 - StreamlitAPP - INFO - Caption generated successfully.
2024-11-29 03:11:47,144 - ConfigLoader - INFO - Config file loaded successfully.
2024-11-29 03:11:47,150 - ConfigLoader - INFO - Config file loaded successfully.
2024-11-29 03:11:52,695 - Virtual_Question_AnsweringModel - INFO - Model nlpconnect/vit-gpt2-image-captioning loaded successfully.
2024-11-29 03:11:57,236 - ConfigLoader - INFO - Config file loaded successfully.
2024-11-29 03:11:57,238 - ConfigLoader - INFO - Config file loaded successfully.
2024-11-29 03:12:02,351 - Virtual_Question_AnsweringModel - INFO - Model nlpconnect/vit-gpt2-image-captioning loaded successfully.
2024-11-29 03:12:02,351 - Virtual_Question_AnsweringModel - INFO - Model nlpconnect/vit-gpt2-image-captioning loaded successfully.
2024-11-29 03:12:05,190 - Virtual_Question_AnsweringModel - INFO - Caption Generated Successfully.
2024-11-29 03:12:05,190 - Virtual_Question_AnsweringModel - INFO - Caption Generated Successfully.
2024-11-29 03:12:05,192 - StreamlitAPP - INFO - Caption generated successfully.
2024-11-29 03:13:29,847 - ConfigLoader - INFO - Config file loaded successfully.
2024-11-29 03:13:29,848 - ConfigLoader - INFO - Config file loaded successfully.
2024-11-29 03:13:35,275 - Virtual_Question_AnsweringModel - INFO - Model nlpconnect/vit-gpt2-image-captioning loaded successfully.
2024-11-29 03:13:44,309 - ConfigLoader - INFO - Config file loaded successfully.
2024-11-29 03:13:44,312 - ConfigLoader - INFO - Config file loaded successfully.
2024-11-29 03:13:49,807 - Virtual_Question_AnsweringModel - INFO - Model nlpconnect/vit-gpt2-image-captioning loaded successfully.
2024-11-29 03:13:49,807 - Virtual_Question_AnsweringModel - INFO - Model nlpconnect/vit-gpt2-image-captioning loaded successfully.
2024-11-29 03:13:52,805 - Virtual_Question_AnsweringModel - INFO - Caption Generated Successfully.
2024-11-29 03:13:52,805 - Virtual_Question_AnsweringModel - INFO - Caption Generated Successfully.
2024-11-29 03:13:52,805 - StreamlitAPP - INFO - Caption generated successfully.
2024-11-29 03:14:51,140 - ConfigLoader - INFO - Config file loaded successfully.
2024-11-29 03:14:51,145 - ConfigLoader - INFO - Config file loaded successfully.
2024-11-29 03:14:56,737 - Virtual_Question_AnsweringModel - INFO - Model nlpconnect/vit-gpt2-image-captioning loaded successfully.
2024-11-29 03:15:01,937 - ConfigLoader - INFO - Config file loaded successfully.
2024-11-29 03:15:01,940 - ConfigLoader - INFO - Config file loaded successfully.
2024-11-29 03:15:07,061 - Virtual_Question_AnsweringModel - INFO - Model nlpconnect/vit-gpt2-image-captioning loaded successfully.
2024-11-29 03:15:07,061 - Virtual_Question_AnsweringModel - INFO - Model nlpconnect/vit-gpt2-image-captioning loaded successfully.
2024-11-29 03:15:09,976 - Virtual_Question_AnsweringModel - INFO - Caption Generated Successfully.
2024-11-29 03:15:09,976 - Virtual_Question_AnsweringModel - INFO - Caption Generated Successfully.
2024-11-29 03:15:09,976 - StreamlitAPP - INFO - Caption generated successfully.
2024-11-29 03:16:41,664 - ConfigLoader - INFO - Config file loaded successfully.
2024-11-29 03:16:41,672 - ConfigLoader - INFO - Config file loaded successfully.
2024-11-29 03:16:46,946 - Virtual_Question_AnsweringModel - INFO - Model nlpconnect/vit-gpt2-image-captioning loaded successfully.
2024-11-29 03:16:51,119 - ConfigLoader - INFO - Config file loaded successfully.
2024-11-29 03:16:51,122 - ConfigLoader - INFO - Config file loaded successfully.
2024-11-29 03:16:56,554 - Virtual_Question_AnsweringModel - INFO - Model nlpconnect/vit-gpt2-image-captioning loaded successfully.
2024-11-29 03:16:56,554 - Virtual_Question_AnsweringModel - INFO - Model nlpconnect/vit-gpt2-image-captioning loaded successfully.
2024-11-29 03:16:59,688 - Virtual_Question_AnsweringModel - INFO - Caption Generated Successfully.
2024-11-29 03:16:59,688 - Virtual_Question_AnsweringModel - INFO - Caption Generated Successfully.
2024-11-29 03:16:59,689 - StreamlitAPP - INFO - Caption generated successfully.
2024-11-29 03:17:22,329 - ConfigLoader - INFO - Config file loaded successfully.
2024-11-29 03:17:22,346 - ConfigLoader - INFO - Config file loaded successfully.
2024-11-29 03:17:40,684 - ConfigLoader - INFO - Config file loaded successfully.
2024-11-29 03:17:40,686 - ConfigLoader - INFO - Config file loaded successfully.
2024-11-29 03:17:46,681 - Virtual_Question_AnsweringModel - INFO - Model nlpconnect/vit-gpt2-image-captioning loaded successfully.
2024-11-29 03:17:54,041 - ConfigLoader - INFO - Config file loaded successfully.
2024-11-29 03:17:54,044 - ConfigLoader - INFO - Config file loaded successfully.
2024-11-29 03:18:31,219 - ConfigLoader - INFO - Config file loaded successfully.
2024-11-29 03:18:31,223 - ConfigLoader - INFO - Config file loaded successfully.
2024-11-29 03:18:37,289 - Virtual_Question_AnsweringModel - INFO - Model nlpconnect/vit-gpt2-image-captioning loaded successfully.
2024-11-29 03:18:40,528 - ConfigLoader - INFO - Config file loaded successfully.
2024-11-29 03:18:40,528 - ConfigLoader - INFO - Config file loaded successfully.
2024-11-29 03:18:45,827 - Virtual_Question_AnsweringModel - INFO - Model nlpconnect/vit-gpt2-image-captioning loaded successfully.
2024-11-29 03:18:45,827 - Virtual_Question_AnsweringModel - INFO - Model nlpconnect/vit-gpt2-image-captioning loaded successfully.
2024-11-29 03:18:48,896 - Virtual_Question_AnsweringModel - INFO - Caption Generated Successfully.
2024-11-29 03:18:48,896 - Virtual_Question_AnsweringModel - INFO - Caption Generated Successfully.
2024-11-29 03:18:48,904 - StreamlitAPP - INFO - Caption generated successfully.
2024-11-29 03:26:52,090 - ConfigLoader - INFO - Config file loaded successfully.
2024-11-29 03:26:52,092 - ConfigLoader - INFO - Config file loaded successfully.
2024-11-29 03:26:57,693 - Virtual_Question_AnsweringModel - INFO - Model nlpconnect/vit-gpt2-image-captioning loaded successfully.
2024-11-29 04:36:32,281 - ConfigLoader - INFO - Config file loaded successfully.
2024-11-29 04:36:32,282 - ConfigLoader - INFO - Config file loaded successfully.
2024-11-29 04:36:37,830 - Virtual_Question_AnsweringModel - INFO - Model nlpconnect/vit-gpt2-image-captioning loaded successfully.
2024-11-29 04:36:43,151 - ConfigLoader - INFO - Config file loaded successfully.
2024-11-29 04:36:43,153 - ConfigLoader - INFO - Config file loaded successfully.
2024-11-29 04:36:48,409 - Virtual_Question_AnsweringModel - INFO - Model nlpconnect/vit-gpt2-image-captioning loaded successfully.
2024-11-29 04:36:48,409 - Virtual_Question_AnsweringModel - INFO - Model nlpconnect/vit-gpt2-image-captioning loaded successfully.
2024-11-29 04:36:51,559 - Virtual_Question_AnsweringModel - INFO - Caption Generated Successfully.
2024-11-29 04:36:51,559 - Virtual_Question_AnsweringModel - INFO - Caption Generated Successfully.
2024-11-29 04:36:51,561 - StreamlitAPP - INFO - Caption generated successfully.
2024-11-29 04:36:59,672 - ConfigLoader - INFO - Config file loaded successfully.
2024-11-29 04:36:59,674 - ConfigLoader - INFO - Config file loaded successfully.
2024-11-29 04:37:04,922 - Virtual_Question_AnsweringModel - INFO - Model nlpconnect/vit-gpt2-image-captioning loaded successfully.
2024-11-29 04:37:04,922 - Virtual_Question_AnsweringModel - INFO - Model nlpconnect/vit-gpt2-image-captioning loaded successfully.
2024-11-29 04:37:04,922 - Virtual_Question_AnsweringModel - INFO - Model nlpconnect/vit-gpt2-image-captioning loaded successfully.
2024-11-29 04:37:08,710 - ConfigLoader - INFO - Config file loaded successfully.
2024-11-29 04:37:08,711 - ConfigLoader - INFO - Config file loaded successfully.
2024-11-29 04:37:14,177 - Virtual_Question_AnsweringModel - INFO - Model nlpconnect/vit-gpt2-image-captioning loaded successfully.
2024-11-29 04:37:14,177 - Virtual_Question_AnsweringModel - INFO - Model nlpconnect/vit-gpt2-image-captioning loaded successfully.
2024-11-29 04:37:14,177 - Virtual_Question_AnsweringModel - INFO - Model nlpconnect/vit-gpt2-image-captioning loaded successfully.
2024-11-29 04:37:14,177 - Virtual_Question_AnsweringModel - INFO - Model nlpconnect/vit-gpt2-image-captioning loaded successfully.
2024-11-29 04:37:16,470 - Virtual_Question_AnsweringModel - INFO - Caption Generated Successfully.
2024-11-29 04:37:16,470 - Virtual_Question_AnsweringModel - INFO - Caption Generated Successfully.
2024-11-29 04:37:16,470 - Virtual_Question_AnsweringModel - INFO - Caption Generated Successfully.
2024-11-29 04:37:16,470 - Virtual_Question_AnsweringModel - INFO - Caption Generated Successfully.
2024-11-29 04:37:16,471 - StreamlitAPP - INFO - Caption generated successfully.
2024-11-29 19:36:12,656 - ConfigLoader - INFO - Config file loaded successfully.
2024-11-29 19:36:12,658 - ConfigLoader - INFO - Config file loaded successfully.
2024-11-29 19:36:22,023 - Virtual_Question_AnsweringModel - INFO - Model nlpconnect/vit-gpt2-image-captioning loaded successfully.
2024-11-29 20:24:37,235 - ConfigLoader - INFO - Config file loaded successfully.
2024-11-29 20:24:37,235 - ConfigLoader - INFO - Config file loaded successfully.
2024-11-29 20:24:46,074 - Virtual_Question_AnsweringModel - INFO - Model nlpconnect/vit-gpt2-image-captioning loaded successfully.
2024-11-29 20:25:56,093 - ConfigLoader - INFO - Config file loaded successfully.
2024-11-29 20:25:56,096 - ConfigLoader - INFO - Config file loaded successfully.
2024-11-29 20:26:01,892 - Virtual_Question_AnsweringModel - INFO - Model nlpconnect/vit-gpt2-image-captioning loaded successfully.
2024-11-29 20:26:52,525 - ConfigLoader - INFO - Config file loaded successfully.
2024-11-29 20:26:52,527 - ConfigLoader - INFO - Config file loaded successfully.
2024-11-29 20:26:58,708 - Virtual_Question_AnsweringModel - INFO - Model nlpconnect/vit-gpt2-image-captioning loaded successfully.
2024-11-29 20:27:05,454 - ConfigLoader - INFO - Config file loaded successfully.
2024-11-29 20:27:05,463 - ConfigLoader - INFO - Config file loaded successfully.
2024-11-29 20:27:10,946 - Virtual_Question_AnsweringModel - INFO - Model nlpconnect/vit-gpt2-image-captioning loaded successfully.
2024-11-29 20:27:10,946 - Virtual_Question_AnsweringModel - INFO - Model nlpconnect/vit-gpt2-image-captioning loaded successfully.
2024-11-29 20:27:17,078 - Virtual_Question_AnsweringModel - INFO - Caption Generated Successfully.
2024-11-29 20:27:17,078 - Virtual_Question_AnsweringModel - INFO - Caption Generated Successfully.
2024-11-29 20:27:17,081 - StreamlitAPP - INFO - Caption generated successfully.
2024-11-29 20:30:39,123 - ConfigLoader - INFO - Config file loaded successfully.
2024-11-29 20:30:39,126 - ConfigLoader - INFO - Config file loaded successfully.
2024-11-29 20:30:44,603 - Virtual_Question_AnsweringModel - INFO - Model nlpconnect/vit-gpt2-image-captioning loaded successfully.
2024-11-29 20:30:48,715 - ConfigLoader - INFO - Config file loaded successfully.
2024-11-29 20:30:48,715 - ConfigLoader - INFO - Config file loaded successfully.
2024-11-29 20:30:54,179 - Virtual_Question_AnsweringModel - INFO - Model nlpconnect/vit-gpt2-image-captioning loaded successfully.
2024-11-29 20:30:54,179 - Virtual_Question_AnsweringModel - INFO - Model nlpconnect/vit-gpt2-image-captioning loaded successfully.
2024-11-29 20:30:58,213 - Virtual_Question_AnsweringModel - INFO - Caption Generated Successfully.
2024-11-29 20:30:58,213 - Virtual_Question_AnsweringModel - INFO - Caption Generated Successfully.
2024-11-29 20:30:58,215 - StreamlitAPP - INFO - Caption generated successfully.
2024-11-29 20:31:04,059 - ConfigLoader - INFO - Config file loaded successfully.
2024-11-29 20:31:04,062 - ConfigLoader - INFO - Config file loaded successfully.
2024-11-29 20:31:09,626 - Virtual_Question_AnsweringModel - INFO - Model nlpconnect/vit-gpt2-image-captioning loaded successfully.
2024-11-29 20:31:09,626 - Virtual_Question_AnsweringModel - INFO - Model nlpconnect/vit-gpt2-image-captioning loaded successfully.
2024-11-29 20:31:09,626 - Virtual_Question_AnsweringModel - INFO - Model nlpconnect/vit-gpt2-image-captioning loaded successfully.
2024-11-29 20:31:13,710 - ConfigLoader - INFO - Config file loaded successfully.
2024-11-29 20:31:13,713 - ConfigLoader - INFO - Config file loaded successfully.
2024-11-29 20:31:19,157 - Virtual_Question_AnsweringModel - INFO - Model nlpconnect/vit-gpt2-image-captioning loaded successfully.
2024-11-29 20:31:19,157 - Virtual_Question_AnsweringModel - INFO - Model nlpconnect/vit-gpt2-image-captioning loaded successfully.
2024-11-29 20:31:19,157 - Virtual_Question_AnsweringModel - INFO - Model nlpconnect/vit-gpt2-image-captioning loaded successfully.
2024-11-29 20:31:19,157 - Virtual_Question_AnsweringModel - INFO - Model nlpconnect/vit-gpt2-image-captioning loaded successfully.
2024-11-29 20:31:22,091 - Virtual_Question_AnsweringModel - INFO - Caption Generated Successfully.
2024-11-29 20:31:22,091 - Virtual_Question_AnsweringModel - INFO - Caption Generated Successfully.
2024-11-29 20:31:22,091 - Virtual_Question_AnsweringModel - INFO - Caption Generated Successfully.
2024-11-29 20:31:22,091 - Virtual_Question_AnsweringModel - INFO - Caption Generated Successfully.
2024-11-29 20:31:22,091 - StreamlitAPP - INFO - Caption generated successfully.
